<?xml version="1.0" encoding="UTF-8"?>
<testng-results ignored="0" total="3" passed="3" failed="0" skipped="0">
  <reporter-output>
  </reporter-output>
  <suite started-at="2025-04-09T17:27:03 IST" name="Default suite" finished-at="2025-04-09T17:27:04 IST" duration-ms="82">
    <groups>
    </groups>
    <test started-at="2025-04-09T17:27:03 IST" name="Default test" finished-at="2025-04-09T17:27:04 IST" duration-ms="82">
      <class name="TESTNG.TESTCASE1">
        <test-method signature="openapp()[pri:-1, instance:TESTNG.TESTCASE1@49438269]" started-at="2025-04-09T17:27:03 IST" name="openapp" finished-at="2025-04-09T17:27:03 IST" duration-ms="14" status="PASS">
          <reporter-output>
          </reporter-output>
        </test-method> <!-- openapp -->
        <test-method signature="login()[pri:0, instance:TESTNG.TESTCASE1@49438269]" started-at="2025-04-09T17:27:03 IST" name="login" finished-at="2025-04-09T17:27:04 IST" duration-ms="3" status="PASS">
          <reporter-output>
          </reporter-output>
        </test-method> <!-- login -->
        <test-method signature="logout()[pri:1, instance:TESTNG.TESTCASE1@49438269]" started-at="2025-04-09T17:27:04 IST" name="logout" finished-at="2025-04-09T17:27:04 IST" duration-ms="3" status="PASS">
          <reporter-output>
          </reporter-output>
        </test-method> <!-- logout -->
      </class> <!-- TESTNG.TESTCASE1 -->
    </test> <!-- Default test -->
  </suite> <!-- Default suite -->
</testng-results>
